[0m[[0m[0mdebug[0m] [0m[0m> Exec(;Test/compile; collectAnalyses, None, Some(CommandSource(network-1)))[0m
[0m[[0m[0mdebug[0m] [0m[0munmatched Processing event for requestId None: None[0m
[0m[[0m[0mdebug[0m] [0m[0munmatched Done event for requestId None: None[0m
[0m[[0m[0mdebug[0m] [0m[0m> Exec(Test/compile, None, Some(CommandSource(network-1)))[0m
[0m[[0m[0mdebug[0m] [0m[0munmatched Processing event for requestId None: None[0m
[0m[[0m[0mdebug[0m] [0m[0mEvaluating tasks: Test / compile[0m
[0m[[0m[0mdebug[0m] [0m[0mRunning task... Cancel: bloop.integrations.sbt.Offloader$$anon$1@61f2bf3a, check cycles: false, forcegc: true[0m
[0m[[0m[0mdebug[0m] [0m[0mjsonRpcNotify: JsonRpcNotificationMessage(2.0, build/taskStart, {"taskId":{"id":"4","parents":[]},"eventTime":1633726791671,"message":"Compiling project0","dataKind":"compile-task","data":{"target":{"uri":"file:/C:/Users/M1/Desktop/Work/Rev/Scala%20Big%20Data/Scala%20Code/Project/Project0/#project0/Compile"}}})[0m
[0m[[0m[0minfo[0m] [0m[0mcompiling 1 Scala source to C:\Users\M1\Desktop\Work\Rev\Scala Big Data\Scala Code\Project\Project0\target\scala-2.13\classes ...[0m
[0m[[0m[0mdebug[0m] [0m[0mjsonRpcNotify: JsonRpcNotificationMessage(2.0, build/logMessage, {"type":3,"message":"compiling 1 Scala source to C:\\Users\\M1\\Desktop\\Work\\Rev\\Scala Big Data\\Scala Code\\Project\\Project0\\target\\scala-2.13\\classes ..."})[0m
[0m[[0m[0mdebug[0m] [0m[0mjsonRpcNotify: JsonRpcNotificationMessage(2.0, build/publishDiagnostics, {"textDocument":{"uri":"file:///C:/Users/M1/Desktop/Work/Rev/Scala%20Big%20Data/Scala%20Code/Project/Project0/src/main/scala/Main.scala"},"buildTarget":{"uri":"file:/C:/Users/M1/Desktop/Work/Rev/Scala%20Big%20Data/Scala%20Code/Project/Project0/#project0/Compile"},"diagnostics":[],"reset":true})[0m
[0m[[0m[0mdebug[0m] [0m[0mjsonRpcNotify: JsonRpcNotificationMessage(2.0, build/taskFinish, {"taskId":{"id":"4","parents":[]},"eventTime":1633726791974,"message":"Compiled project0","status":1,"dataKind":"compile-report","data":{"target":{"uri":"file:/C:/Users/M1/Desktop/Work/Rev/Scala%20Big%20Data/Scala%20Code/Project/Project0/#project0/Compile"},"errors":0,"warnings":0,"time":303}})[0m
[0m[[0m[0mdebug[0m] [0m[0mjsonRpcNotify: JsonRpcNotificationMessage(2.0, build/taskStart, {"taskId":{"id":"5","parents":[]},"eventTime":1633726791988,"message":"Compiling project0-test","dataKind":"compile-task","data":{"target":{"uri":"file:/C:/Users/M1/Desktop/Work/Rev/Scala%20Big%20Data/Scala%20Code/Project/Project0/#project0/Test"}}})[0m
[0m[[0m[0mdebug[0m] [0m[0mjsonRpcNotify: JsonRpcNotificationMessage(2.0, build/taskFinish, {"taskId":{"id":"5","parents":[]},"eventTime":1633726791994,"message":"Compiled project0-test","status":1,"dataKind":"compile-report","data":{"target":{"uri":"file:/C:/Users/M1/Desktop/Work/Rev/Scala%20Big%20Data/Scala%20Code/Project/Project0/#project0/Test"},"errors":0,"warnings":0,"time":6}})[0m
[0m[[0m[32msuccess[0m] [0m[0mTotal time: 0 s, completed Oct 8, 2021 4:59:52 PM[0m
[0m[[0m[0mdebug[0m] [0m[0munmatched Done event for requestId None: None[0m
[0m[[0m[0mdebug[0m] [0m[0m> Exec(collectAnalyses, None, Some(CommandSource(network-1)))[0m
[0m[[0m[0mdebug[0m] [0m[0munmatched Processing event for requestId None: None[0m
[0m[[0m[0mdebug[0m] [0m[0mEvaluating tasks: Compile / collectAnalyses[0m
[0m[[0m[0mdebug[0m] [0m[0mRunning task... Cancel: bloop.integrations.sbt.Offloader$$anon$1@5599f22f, check cycles: false, forcegc: true[0m
[0m[[0m[0mdebug[0m] [0m[0manalysis location (C:\Users\M1\Desktop\Work\Rev\Scala Big Data\Scala Code\Project\Project0\target\scala-2.13\zinc\inc_compile_2.13.zip,true)[0m
[0m[[0m[32msuccess[0m] [0m[0mTotal time: 0 s, completed Oct 8, 2021 4:59:52 PM[0m
[0m[[0m[0mdebug[0m] [0m[0munmatched Done event for requestId None: None[0m
[0m[[0m[0mdebug[0m] [0m[0m> Exec(shell, None, None)[0m
