[0m2021.10.08 16:52:48 INFO  Started: Metals version 0.10.7 in workspace 'C:\Users\M1\Desktop\Work\Rev\Scala Big Data\Scala Code\Project0\project0' for client Visual Studio Code 1.61.0.[0m
[0m2021.10.08 16:52:49 INFO  time: initialize in 0.89s[0m
[0m2021.10.08 16:52:49 WARN  Build server is not auto-connectable.[0m
[0m2021.10.08 16:52:57 INFO  running 'C:\Program Files (x86)\Java\jre1.8.0_221\bin\java -Djline.terminal=jline.UnsupportedTerminal -Dsbt.log.noformat=true -Dfile.encoding=UTF-8 -jar C:\Users\M1\AppData\Local\Temp\metals4120290170315120102\sbt-launch.jar -Dbloop.export-jar-classifiers=sources bloopInstall'[0m
[0m2021.10.08 16:52:58 INFO  [info] welcome to sbt 1.5.5 (Oracle Corporation Java 1.8.0_221)[0m
[0m2021.10.08 16:53:00 INFO  [info] loading settings for project project0-build-build from metals.sbt ...[0m
[0m2021.10.08 16:53:00 INFO  [info] loading project definition from C:\Users\M1\Desktop\Work\Rev\Scala Big Data\Scala Code\Project0\project0\project\project[0m
[0m2021.10.08 16:53:03 INFO  [info] loading settings for project project0-build from metals.sbt ...[0m
[0m2021.10.08 16:53:03 INFO  [info] loading project definition from C:\Users\M1\Desktop\Work\Rev\Scala Big Data\Scala Code\Project0\project0\project[0m
[0m2021.10.08 16:53:05 INFO  [success] Generated .bloop\project0-build.json[0m
[0m2021.10.08 16:53:05 INFO  [success] Total time: 2 s, completed Oct 8, 2021 4:53:05 PM[0m
[0m2021.10.08 16:53:06 INFO  [info] loading settings for project project0 from build.sbt ...[0m
[0m2021.10.08 16:53:06 INFO  [info] set current project to hello-world (in build file:/C:/Users/M1/Desktop/Work/Rev/Scala%20Big%20Data/Scala%20Code/Project0/project0/)[0m
[0m2021.10.08 16:57:35 INFO  Started: Metals version 0.10.7 in workspace 'C:\Users\M1\Desktop\Work\Rev\Scala Big Data\Scala Code\Project\Project0' for client Visual Studio Code 1.61.0.[0m
[0m2021.10.08 16:57:35 INFO  time: initialize in 0.4s[0m
[0m2021.10.08 16:57:40 INFO  Attempting to connect to the build server...[0m
Starting the bsp launcher for bloop...
Opening a bsp server connection with 'bsp --protocol tcp --port 18538'...
Waiting for the bsp connection to come up...
[0m[32m[D][0m Loading workspace settings from bloop.settings.json
[0m[32m[D][0m Loading 2 projects from 'c:\Users\M1\Desktop\Work\Rev\Scala Big Data\Scala Code\Project\Project0\.bloop'...
[0m[32m[D][0m Loading project from 'c:\Users\M1\Desktop\Work\Rev\Scala Big Data\Scala Code\Project\Project0\.bloop\project0.json'
[0m[32m[D][0m Loading project from 'c:\Users\M1\Desktop\Work\Rev\Scala Big Data\Scala Code\Project\Project0\.bloop\project0-test.json'
[0m[32m[D][0m Configured SemanticDB in projects 'project0', 'project0-test'
[0m[32m[D][0m Missing analysis file for project 'project0'
[0m[32m[D][0m Missing analysis file for project 'project0-test'
[0m[32m[D][0m Waiting for a connection at 127.0.0.1:18538...
The server is listening for incoming connections at tcp://127.0.0.1:18538...
Starting thread that pumps stdin and redirects it to the bsp server...
Starting thread that pumps server stdout and redirects it to the client stdout...
[0m2021.10.08 16:57:41 INFO  tracing is disabled for protocol BSP, to enable tracing of incoming and outgoing JSON messages create an empty file at C:\Users\M1\AppData\Local\scalameta\metals\cache\bsp.trace.json[0m
[0m2021.10.08 16:57:41 INFO  Attempting to connect to the build server...[0m
Starting the bsp launcher for bloop...
Opening a bsp server connection with 'bsp --protocol tcp --port 39996'...
Waiting for the bsp connection to come up...
[0m[32m[D][0m Loading workspace settings from bloop.settings.json
[0m[32m[D][0m Waiting for a connection at 127.0.0.1:39996...
The server is listening for incoming connections at tcp://127.0.0.1:39996...
Starting thread that pumps stdin and redirects it to the bsp server...
Starting thread that pumps server stdout and redirects it to the client stdout...
[0m2021.10.08 16:57:42 INFO  running 'C:\Program Files (x86)\Java\jre1.8.0_221\bin\java -Djline.terminal=jline.UnsupportedTerminal -Dsbt.log.noformat=true -Dfile.encoding=UTF-8 -jar C:\Users\M1\AppData\Local\Temp\metals2970994940508805051\sbt-launch.jar -Dbloop.export-jar-classifiers=sources bloopInstall'[0m
[0m2021.10.08 16:57:42 INFO  tracing is disabled for protocol BSP, to enable tracing of incoming and outgoing JSON messages create an empty file at C:\Users\M1\AppData\Local\scalameta\metals\cache\bsp.trace.json[0m
[0m2021.10.08 16:57:42 INFO  time: Connected to build server in 2.31s[0m
[0m2021.10.08 16:57:42 INFO  Connected to Build server: Bloop v1.4.9[0m
[0m2021.10.08 16:57:43 WARN  Could not find java sources in None. Java symbols will not be available.[0m
[0m2021.10.08 16:57:44 INFO  [info] welcome to sbt 1.5.5 (Oracle Corporation Java 1.8.0_221)[0m
[0m2021.10.08 16:57:43 INFO  time: indexed workspace in 2.06s[0m
[0m2021.10.08 16:57:44 INFO  [info] loading settings for project project0-build-build from metals.sbt ...[0m
[0m2021.10.08 16:57:45 INFO  [info] loading project definition from C:\Users\M1\Desktop\Work\Rev\Scala Big Data\Scala Code\Project\Project0\project\project[0m
[0m2021.10.08 16:57:45 INFO  [info] loading settings for project project0-build from metals.sbt ...[0m
[0m2021.10.08 16:57:45 INFO  [info] loading project definition from C:\Users\M1\Desktop\Work\Rev\Scala Big Data\Scala Code\Project\Project0\project[0m
[0m2021.10.08 16:57:46 INFO  no build target: using presentation compiler with only scala-library: 2.13.3[0m
[0m2021.10.08 16:57:48 INFO  [success] Generated .bloop\project0-build.json[0m
[0m2021.10.08 16:57:48 INFO  [success] Total time: 3 s, completed Oct 8, 2021 4:57:49 PM[0m
[0m2021.10.08 16:57:48 INFO  [info] loading settings for project project0 from build.sbt ...[0m
[0m2021.10.08 16:57:48 INFO  [info] set current project to hello-world (in build file:/C:/Users/M1/Desktop/Work/Rev/Scala%20Big%20Data/Scala%20Code/Project/Project0/)[0m
[0m2021.10.08 16:57:48 INFO  [success] Generated .bloop\project0-test.json[0m
[0m2021.10.08 16:57:48 INFO  [success] Generated .bloop\project0.json[0m
[0m2021.10.08 16:57:48 INFO  [success] Total time: 0 s, completed Oct 8, 2021 4:57:49 PM[0m
[0m2021.10.08 16:57:49 INFO  time: ran 'sbt bloopInstall' in 7.27s[0m
[0m2021.10.08 16:57:49 INFO  Disconnecting from Bloop session...[0m
[0m2021.10.08 16:57:49 INFO  Shut down connection with build server.[0m
No more data in the client stdin, exiting...
No more data in the server stdin, exiting...
No more data in the server stdin, exiting...
[0m2021.10.08 16:57:49 INFO  Shut down connection with build server.[0m
No more data in the client stdin, exiting...
No more data in the server stdin, exiting...
[0m2021.10.08 16:57:49 INFO  Attempting to connect to the build server...[0m
Starting the bsp launcher for bloop...
Opening a bsp server connection with 'bsp --protocol tcp --port 40065'...
Waiting for the bsp connection to come up...
[0m[32m[D][0m Loading workspace settings from bloop.settings.json
[0m[32m[D][0m Loading 2 projects from 'c:\Users\M1\Desktop\Work\Rev\Scala Big Data\Scala Code\Project\Project0\.bloop'...
[0m[32m[D][0m Loading project from 'c:\Users\M1\Desktop\Work\Rev\Scala Big Data\Scala Code\Project\Project0\.bloop\project0.json'
[0m[32m[D][0m Loading project from 'c:\Users\M1\Desktop\Work\Rev\Scala Big Data\Scala Code\Project\Project0\.bloop\project0-test.json'
[0m[32m[D][0m Configured SemanticDB in projects 'project0-test', 'project0'
[0m[32m[D][0m Waiting for a connection at 127.0.0.1:40065...
The server is listening for incoming connections at tcp://127.0.0.1:40065...
Starting thread that pumps stdin and redirects it to the bsp server...
Starting thread that pumps server stdout and redirects it to the client stdout...
[0m2021.10.08 16:57:50 INFO  tracing is disabled for protocol BSP, to enable tracing of incoming and outgoing JSON messages create an empty file at C:\Users\M1\AppData\Local\scalameta\metals\cache\bsp.trace.json[0m
[0m2021.10.08 16:57:49 INFO  Attempting to connect to the build server...[0m
Starting the bsp launcher for bloop...
Opening a bsp server connection with 'bsp --protocol tcp --port 30816'...
Waiting for the bsp connection to come up...
[0m[32m[D][0m Loading workspace settings from bloop.settings.json
[0m[32m[D][0m Waiting for a connection at 127.0.0.1:30816...
The server is listening for incoming connections at tcp://127.0.0.1:30816...
Starting thread that pumps stdin and redirects it to the bsp server...
Starting thread that pumps server stdout and redirects it to the client stdout...
[0m2021.10.08 16:57:50 INFO  tracing is disabled for protocol BSP, to enable tracing of incoming and outgoing JSON messages create an empty file at C:\Users\M1\AppData\Local\scalameta\metals\cache\bsp.trace.json[0m
[0m2021.10.08 16:57:50 INFO  time: Connected to build server in 1.58s[0m
[0m2021.10.08 16:57:50 INFO  Connected to Build server: Bloop v1.4.9[0m
[0m2021.10.08 16:57:52 WARN  Could not find java sources in None. Java symbols will not be available.[0m
[0m2021.10.08 16:57:52 INFO  time: indexed workspace in 1.34s[0m
[0m2021.10.08 16:57:53 INFO  no build target: using presentation compiler with only scala-library: 2.13.3[0m
Oct 08, 2021 4:57:56 PM org.eclipse.lsp4j.jsonrpc.services.GenericEndpoint notify
INFO: Unsupported notification method: $/setTrace
Oct 08, 2021 4:58:41 PM org.eclipse.lsp4j.jsonrpc.services.GenericEndpoint notify
INFO: Unsupported notification method: $/setTrace
[0m2021.10.08 16:59:24 INFO  compiling project0 (1 scala source)[0m
[0m2021.10.08 16:59:24 INFO  time: compiled project0 in 0.74s[0m
[0m2021.10.08 16:59:51 INFO  compiling project0 (1 scala source)[0m
[0m2021.10.08 16:59:51 INFO  time: compiled project0 in 0.72s[0m
[0m2021.10.08 17:19:29 INFO  compiling project0 (1 scala source)[0m
[0m2021.10.08 17:19:29 INFO  time: compiled project0 in 0.92s[0m
[0m2021.10.08 17:19:49 INFO  compiling project0 (1 scala source)[0m
[0m2021.10.08 17:19:51 INFO  time: compiled project0 in 1.72s[0m
[0m2021.10.08 17:20:27 INFO  compiling project0 (1 scala source)[0m
[0m2021.10.08 17:20:27 INFO  time: compiled project0 in 0.76s[0m
[0m2021.10.08 17:20:41 INFO  compiling project0 (1 scala source)[0m
[0m2021.10.08 17:20:41 INFO  time: compiled project0 in 0.7s[0m
[0m2021.10.08 17:21:24 INFO  compiling project0 (1 scala source)[0m
[0m2021.10.08 17:21:24 INFO  time: compiled project0 in 0.79s[0m
[0m2021.10.08 17:22:27 INFO  compiling project0 (1 scala source)[0m
[0m2021.10.08 17:22:27 INFO  time: compiled project0 in 0.21s[0m
[0m2021.10.08 17:22:41 INFO  compiling project0 (1 scala source)[0m
[0m2021.10.08 17:22:41 INFO  time: compiled project0 in 0.77s[0m
[0m2021.10.08 17:22:52 INFO  compiling project0 (1 scala source)[0m
[0m2021.10.08 17:22:52 INFO  time: compiled project0 in 0.71s[0m
[0m2021.10.08 17:23:03 INFO  compiling project0 (1 scala source)[0m
[0m2021.10.08 17:23:03 INFO  time: compiled project0 in 0.79s[0m
[0m2021.10.08 17:23:30 INFO  compiling project0 (1 scala source)[0m
[0m2021.10.08 17:23:30 INFO  time: compiled project0 in 0.12s[0m
[0m2021.10.08 17:23:37 INFO  compiling project0 (1 scala source)[0m
[0m2021.10.08 17:23:37 INFO  time: compiled project0 in 0.76s[0m
[0m2021.10.08 17:24:16 INFO  compiling project0 (1 scala source)[0m
[0m2021.10.08 17:24:16 INFO  time: compiled project0 in 0.76s[0m
[0m2021.10.08 17:26:39 INFO  compiling project0 (1 scala source)[0m
[0m2021.10.08 17:26:39 INFO  time: compiled project0 in 0.99s[0m
[0m2021.10.08 17:27:12 INFO  compiling project0 (1 scala source)[0m
[0m2021.10.08 17:27:13 INFO  time: compiled project0 in 1.09s[0m
[0m2021.10.08 17:27:31 INFO  compiling project0 (1 scala source)[0m
[0m2021.10.08 17:27:31 INFO  time: compiled project0 in 0.94s[0m
[0m2021.10.08 17:27:46 INFO  compiling project0 (1 scala source)[0m
[0m2021.10.08 17:27:46 INFO  time: compiled project0 in 0.14s[0m
[0m2021.10.08 17:27:48 INFO  compiling project0 (1 scala source)[0m
[0m2021.10.08 17:27:48 INFO  time: compiled project0 in 0.73s[0m
[0m2021.10.08 17:28:09 INFO  compiling project0 (1 scala source)[0m
[0m2021.10.08 17:28:09 INFO  time: compiled project0 in 0.78s[0m
[0m2021.10.08 17:28:12 INFO  compiling project0 (1 scala source)[0m
[0m2021.10.08 17:28:12 INFO  time: compiled project0 in 0.66s[0m
[0m2021.10.08 17:28:19 INFO  compiling project0 (1 scala source)[0m
[0m2021.10.08 17:28:21 INFO  time: compiled project0 in 1.19s[0m
[0m2021.10.08 17:29:35 INFO  compiling project0 (1 scala source)[0m
[0m2021.10.08 17:29:35 INFO  time: compiled project0 in 0.74s[0m
[0m2021.10.08 17:29:46 INFO  compiling project0 (1 scala source)[0m
[0m2021.10.08 17:29:46 INFO  time: compiled project0 in 0.79s[0m
[0m2021.10.08 17:30:08 INFO  compiling project0 (1 scala source)[0m
[0m2021.10.08 17:30:08 INFO  time: compiled project0 in 0.82s[0m
[0m2021.10.08 17:30:53 INFO  compiling project0 (1 scala source)[0m
[0m2021.10.08 17:30:53 INFO  time: compiled project0 in 0.73s[0m
[0m2021.10.08 17:31:17 INFO  compiling project0 (1 scala source)[0m
[0m2021.10.08 17:31:17 INFO  time: compiled project0 in 0.76s[0m
[0m2021.10.08 17:31:19 INFO  compiling project0 (1 scala source)[0m
[0m2021.10.08 17:31:19 INFO  time: compiled project0 in 0.15s[0m
[0m2021.10.08 17:31:28 INFO  compiling project0 (1 scala source)[0m
[0m2021.10.08 17:31:28 INFO  time: compiled project0 in 0.77s[0m
[0m2021.10.08 17:32:02 INFO  compiling project0 (1 scala source)[0m
[0m2021.10.08 17:32:02 INFO  time: compiled project0 in 0.81s[0m
[0m2021.10.08 17:32:20 INFO  compiling project0 (1 scala source)[0m
[0m2021.10.08 17:32:20 INFO  time: compiled project0 in 0.83s[0m
[0m2021.10.08 17:32:35 INFO  compiling project0 (1 scala source)[0m
[0m2021.10.08 17:32:35 INFO  time: compiled project0 in 0.74s[0m
[0m2021.10.08 17:33:03 INFO  compiling project0 (1 scala source)[0m
[0m2021.10.08 17:33:03 INFO  time: compiled project0 in 0.83s[0m
[0m2021.10.08 17:33:25 INFO  compiling project0 (1 scala source)[0m
[0m2021.10.08 17:33:25 INFO  time: compiled project0 in 0.74s[0m
[0m2021.10.08 17:33:38 INFO  compiling project0 (1 scala source)[0m
[0m2021.10.08 17:33:38 INFO  time: compiled project0 in 0.72s[0m
[0m2021.10.08 17:34:27 INFO  compiling project0 (1 scala source)[0m
[0m2021.10.08 17:34:27 INFO  time: compiled project0 in 0.77s[0m
[0m2021.10.08 17:34:57 INFO  compiling project0 (1 scala source)[0m
[0m2021.10.08 17:34:57 INFO  time: compiled project0 in 0.9s[0m
[0m2021.10.08 17:35:10 INFO  compiling project0 (1 scala source)[0m
[0m2021.10.08 17:35:10 INFO  time: compiled project0 in 0.81s[0m
[0m2021.10.08 17:35:32 INFO  compiling project0 (1 scala source)[0m
[0m2021.10.08 17:35:32 INFO  time: compiled project0 in 0.88s[0m
[0m2021.10.08 17:35:47 INFO  compiling project0 (1 scala source)[0m
[0m2021.10.08 17:35:47 INFO  time: compiled project0 in 0.92s[0m
[0m2021.10.08 17:36:32 INFO  compiling project0 (1 scala source)[0m
[0m2021.10.08 17:36:32 INFO  time: compiled project0 in 0.69s[0m
[0m2021.10.08 17:37:08 INFO  compiling project0 (1 scala source)[0m
[0m2021.10.08 17:37:08 INFO  time: compiled project0 in 0.78s[0m
[0m2021.10.08 17:38:16 INFO  compiling project0 (1 scala source)[0m
[0m2021.10.08 17:38:16 INFO  time: compiled project0 in 0.8s[0m
[0m2021.10.08 17:46:17 INFO  shutting down Metals[0m
[0m2021.10.08 17:46:17 INFO  Shut down connection with build server.[0m
No more data in the client stdin, exiting...
No more data in the server stdin, exiting...
[0m2021.10.08 17:46:17 INFO  Shut down connection with build server.[0m
No more data in the client stdin, exiting...
No more data in the server stdin, exiting...
